# JRE version: Java(TM) SE Runtime Environment (8.0_144-b01) (build 1.8.0_144-b01)
# Java VM: Java HotSpot(TM) 64-Bit Server VM (25.144-b01 mixed mode bsd-amd64 compressed oops)
Heap:
 PSYoungGen      total 603136K, used 505191K [0x0000000795580000, 0x00000007c0000000, 0x00000007c0000000)
  eden space 537088K, 82% used [0x0000000795580000,0x00000007b058b000,0x00000007b6200000)
  from space 66048K, 95% used [0x00000007bbf80000,0x00000007bfcceca8,0x00000007c0000000)
  to   space 80896K, 0% used [0x00000007b6200000,0x00000007b6200000,0x00000007bb100000)
 ParOldGen       total 171008K, used 85096K [0x0000000740000000, 0x000000074a700000, 0x0000000795580000)
  object space 171008K, 49% used [0x0000000740000000,0x000000074531a368,0x000000074a700000)
 Metaspace       used 87619K, capacity 88880K, committed 89304K, reserved 1126400K
  class space    used 11342K, capacity 11766K, committed 11776K, reserved 1048576K
GC Heap History (10 events):
Event: 11.558 GC heap before
{Heap before GC invocations=13 (full 2):
 PSYoungGen      total 641536K, used 641529K [0x0000000795580000, 0x00000007bfc00000, 0x00000007c0000000)
  eden space 603648K, 100% used [0x0000000795580000,0x00000007ba300000,0x00000007ba300000)
  from space 37888K, 99% used [0x00000007bd000000,0x00000007bf4fe598,0x00000007bf500000)
  to   space 45568K, 0% used [0x00000007ba300000,0x00000007ba300000,0x00000007bcf80000)
 ParOldGen       total 110080K, used 39504K [0x0000000740000000, 0x0000000746b80000, 0x0000000795580000)
  object space 110080K, 35% used [0x0000000740000000,0x00000007426942d0,0x0000000746b80000)
 Metaspace       used 55151K, capacity 55890K, committed 56408K, reserved 1097728K
  class space    used 6968K, capacity 7240K, committed 7296K, reserved 1048576K
Event: 11.628 GC heap after
Heap after GC invocations=13 (full 2):
 PSYoungGen      total 649216K, used 45537K [0x0000000795580000, 0x00000007c0000000, 0x00000007c0000000)
  eden space 603648K, 0% used [0x0000000795580000,0x0000000795580000,0x00000007ba300000)
  from space 45568K, 99% used [0x00000007ba300000,0x00000007bcf786f0,0x00000007bcf80000)
  to   space 49664K, 0% used [0x00000007bcf80000,0x00000007bcf80000,0x00000007c0000000)
 ParOldGen       total 110080K, used 57732K [0x0000000740000000, 0x0000000746b80000, 0x0000000795580000)
  object space 110080K, 52% used [0x0000000740000000,0x0000000743861190,0x0000000746b80000)
 Metaspace       used 55151K, capacity 55890K, committed 56408K, reserved 1097728K
  class space    used 6968K, capacity 7240K, committed 7296K, reserved 1048576K
}
Event: 12.754 GC heap before
{Heap before GC invocations=14 (full 2):
 PSYoungGen      total 649216K, used 421047K [0x0000000795580000, 0x00000007c0000000, 0x00000007c0000000)
  eden space 603648K, 62% used [0x0000000795580000,0x00000007ac4358e0,0x00000007ba300000)
  from space 45568K, 99% used [0x00000007ba300000,0x00000007bcf786f0,0x00000007bcf80000)
  to   space 49664K, 0% used [0x00000007bcf80000,0x00000007bcf80000,0x00000007c0000000)
 ParOldGen       total 110080K, used 57732K [0x0000000740000000, 0x0000000746b80000, 0x0000000795580000)
  object space 110080K, 52% used [0x0000000740000000,0x0000000743861190,0x0000000746b80000)
 Metaspace       used 57769K, capacity 58708K, committed 59028K, reserved 1101824K
  class space    used 7327K, capacity 7652K, committed 7680K, reserved 1048576K
Event: 12.795 GC heap after
Heap after GC invocations=14 (full 2):
 PSYoungGen      total 620544K, used 47336K [0x0000000795580000, 0x00000007c0000000, 0x00000007c0000000)
  eden space 570880K, 0% used [0x0000000795580000,0x0000000795580000,0x00000007b8300000)
  from space 49664K, 95% used [0x00000007bcf80000,0x00000007bfdba330,0x00000007c0000000)
  to   space 64000K, 0% used [0x00000007b8300000,0x00000007b8300000,0x00000007bc180000)
 ParOldGen       total 110080K, used 66757K [0x0000000740000000, 0x0000000746b80000, 0x0000000795580000)
  object space 110080K, 60% used [0x0000000740000000,0x00000007441316c8,0x0000000746b80000)
 Metaspace       used 57769K, capacity 58708K, committed 59028K, reserved 1101824K
  class space    used 7327K, capacity 7652K, committed 7680K, reserved 1048576K
}
Event: 12.795 GC heap before
{Heap before GC invocations=15 (full 3):
 PSYoungGen      total 620544K, used 47336K [0x0000000795580000, 0x00000007c0000000, 0x00000007c0000000)
  eden space 570880K, 0% used [0x0000000795580000,0x0000000795580000,0x00000007b8300000)
  from space 49664K, 95% used [0x00000007bcf80000,0x00000007bfdba330,0x00000007c0000000)
  to   space 64000K, 0% used [0x00000007b8300000,0x00000007b8300000,0x00000007bc180000)
 ParOldGen       total 110080K, used 66757K [0x0000000740000000, 0x0000000746b80000, 0x0000000795580000)
  object space 110080K, 60% used [0x0000000740000000,0x00000007441316c8,0x0000000746b80000)
 Metaspace       used 57769K, capacity 58708K, committed 59028K, reserved 1101824K
  class space    used 7327K, capacity 7652K, committed 7680K, reserved 1048576K
Event: 12.946 GC heap after
Heap after GC invocations=15 (full 3):
 PSYoungGen      total 620544K, used 0K [0x0000000795580000, 0x00000007c0000000, 0x00000007c0000000)
  eden space 570880K, 0% used [0x0000000795580000,0x0000000795580000,0x00000007b8300000)
  from space 49664K, 0% used [0x00000007bcf80000,0x00000007bcf80000,0x00000007c0000000)
  to   space 64000K, 0% used [0x00000007b8300000,0x00000007b8300000,0x00000007bc180000)
 ParOldGen       total 171008K, used 78380K [0x0000000740000000, 0x000000074a700000, 0x0000000795580000)
  object space 171008K, 45% used [0x0000000740000000,0x0000000744c8b298,0x000000074a700000)
 Metaspace       used 57769K, capacity 58708K, committed 59028K, reserved 1101824K
  class space    used 7327K, capacity 7652K, committed 7680K, reserved 1048576K
}
Event: 14.825 GC heap before
{Heap before GC invocations=16 (full 3):
 PSYoungGen      total 620544K, used 570880K [0x0000000795580000, 0x00000007c0000000, 0x00000007c0000000)
  eden space 570880K, 100% used [0x0000000795580000,0x00000007b8300000,0x00000007b8300000)
  from space 49664K, 0% used [0x00000007bcf80000,0x00000007bcf80000,0x00000007c0000000)
  to   space 64000K, 0% used [0x00000007b8300000,0x00000007b8300000,0x00000007bc180000)
 ParOldGen       total 171008K, used 78380K [0x0000000740000000, 0x000000074a700000, 0x0000000795580000)
  object space 171008K, 45% used [0x0000000740000000,0x0000000744c8b298,0x000000074a700000)
 Metaspace       used 67575K, capacity 68686K, committed 68952K, reserved 1110016K
  class space    used 8653K, capacity 9027K, committed 9088K, reserved 1048576K
Event: 14.853 GC heap after
Heap after GC invocations=16 (full 3):
 PSYoungGen      total 632832K, used 61927K [0x0000000795580000, 0x00000007c0000000, 0x00000007c0000000)
  eden space 570880K, 0% used [0x0000000795580000,0x0000000795580000,0x00000007b8300000)
  from space 61952K, 99% used [0x00000007b8300000,0x00000007bbf79fd8,0x00000007bbf80000)
  to   space 66048K, 0% used [0x00000007bbf80000,0x00000007bbf80000,0x00000007c0000000)
 ParOldGen       total 171008K, used 78388K [0x0000000740000000, 0x000000074a700000, 0x0000000795580000)
  object space 171008K, 45% used [0x0000000740000000,0x0000000744c8d298,0x000000074a700000)
 Metaspace       used 67575K, capacity 68686K, committed 68952K, reserved 1110016K
  class space    used 8653K, capacity 9027K, committed 9088K, reserved 1048576K
}
Event: 16.699 GC heap before
{Heap before GC invocations=17 (full 3):
 PSYoungGen      total 632832K, used 632807K [0x0000000795580000, 0x00000007c0000000, 0x00000007c0000000)
  eden space 570880K, 100% used [0x0000000795580000,0x00000007b8300000,0x00000007b8300000)
  from space 61952K, 99% used [0x00000007b8300000,0x00000007bbf79fd8,0x00000007bbf80000)
  to   space 66048K, 0% used [0x00000007bbf80000,0x00000007bbf80000,0x00000007c0000000)
 ParOldGen       total 171008K, used 78388K [0x0000000740000000, 0x000000074a700000, 0x0000000795580000)
  object space 171008K, 45% used [0x0000000740000000,0x0000000744c8d298,0x000000074a700000)
 Metaspace       used 76582K, capacity 77764K, committed 78168K, reserved 1118208K
  class space    used 9885K, capacity 10312K, committed 10368K, reserved 1048576K
Event: 16.738 GC heap after
Heap after GC invocations=17 (full 3):
 PSYoungGen      total 603136K, used 62779K [0x0000000795580000, 0x00000007c0000000, 0x00000007c0000000)
  eden space 537088K, 0% used [0x0000000795580000,0x0000000795580000,0x00000007b6200000)
  from space 66048K, 95% used [0x00000007bbf80000,0x00000007bfcceca8,0x00000007c0000000)
  to   space 80896K, 0% used [0x00000007b6200000,0x00000007b6200000,0x00000007bb100000)
 ParOldGen       total 171008K, used 85096K [0x0000000740000000, 0x000000074a700000, 0x0000000795580000)
  object space 171008K, 49% used [0x0000000740000000,0x000000074531a368,0x000000074a700000)
 Metaspace       used 76582K, capacity 77764K, committed 78168K, reserved 1118208K
  class space    used 9885K, capacity 10312K, committed 10368K, reserved 1048576K
}

